Flutter crash report; please file at https://github.com/flutter/flutter/issues.

## command

flutter build apk --debug

## exception

ArgumentError: Invalid argument(s): Cannot find executable for C:\Users\mngup\OneDrive\Desktop\fpl codes\android\gradlew.bat.

```
#0      _getExecutable (package:process/src/interface/local_process_manager.dart:127:5)
#1      LocalProcessManager.start (package:process/src/interface/local_process_manager.dart:43:30)
#2      _DefaultProcessUtils.start (package:flutter_tools/src/base/process.dart:462:28)
#3      _DefaultProcessUtils.stream (package:flutter_tools/src/base/process.dart:480:35)
#4      buildGradleApp (package:flutter_tools/src/android/gradle.dart:384:35)
#5      _AndroidBuilderImpl.buildApk (package:flutter_tools/src/android/android_builder.dart:102:13)
#6      BuildApkCommand.runCommand (package:flutter_tools/src/commands/build_apk.dart:114:26)
#7      FlutterCommand.verifyThenRunCommand (package:flutter_tools/src/runner/flutter_command.dart:723:18)
#8      _rootRunUnary (dart:async/zone.dart:1192:38)
#9      _CustomZone.runUnary (dart:async/zone.dart:1085:19)
#10     _FutureListener.handleValue (dart:async/future_impl.dart:141:18)
#11     Future._propagateToListeners.handleValueCallback (dart:async/future_impl.dart:682:45)
#12     Future._propagateToListeners (dart:async/future_impl.dart:711:32)
#13     Future._completeWithValue (dart:async/future_impl.dart:526:5)
#14     Future._asyncComplete.<anonymous closure> (dart:async/future_impl.dart:556:7)
#15     _rootRun (dart:async/zone.dart:1184:13)
#16     _CustomZone.run (dart:async/zone.dart:1077:19)
#17     _CustomZone.runGuarded (dart:async/zone.dart:979:7)
#18     _CustomZone.bindCallbackGuarded.<anonymous closure> (dart:async/zone.dart:1019:23)
#19     _microtaskLoop (dart:async/schedule_microtask.dart:43:21)
#20     _startMicrotaskLoop (dart:async/schedule_microtask.dart:52:5)
#21     _runPendingImmediateCallback (dart:isolate-patch/isolate_patch.dart:118:13)
#22     _RawReceivePortImpl._handleMessage (dart:isolate-patch/isolate_patch.dart:169:5)
```

## flutter doctor

```
[✓] Flutter (Channel stable, v1.17.3, on Microsoft Windows [Version 10.0.18363.900], locale en-IN)
    • Flutter version 1.17.3 at C:\Users\mngup\flutter
    • Framework revision b041144f83 (9 days ago), 2020-06-04 09:26:11 -0700
    • Engine revision ee76268252
    • Dart version 2.8.4

[!] Android toolchain - develop for Android devices (Android SDK version 30.0.0)
    • Android SDK at C:\Users\mngup\Android\SDK
    • Platform android-30, build-tools 30.0.0
    • ANDROID_HOME = C:\Users\mngup\Android\SDK
    • ANDROID_SDK_ROOT = C:\Users\mngup\Android\SDK
    • Java binary at: C:\Program Files\Android\Android Studio\jre\bin\java
    • Java version OpenJDK Runtime Environment (build 1.8.0_242-release-1644-b01)
    ✗ Android license status unknown.
      Try re-installing or updating your Android SDK Manager.
      See https://developer.android.com/studio/#downloads or visit visit https://flutter.dev/docs/get-started/install/windows#android-setup for
      detailed instructions.

[✓] Android Studio (version 4.0)
    • Android Studio at C:\Program Files\Android\Android Studio
    • Flutter plugin version 46.0.2
    • Dart plugin version 193.7361
    • Java version OpenJDK Runtime Environment (build 1.8.0_242-release-1644-b01)

[✓] VS Code (version 1.46.0)
    • VS Code at C:\Users\mngup\AppData\Local\Programs\Microsoft VS Code
    • Flutter extension version 3.11.0

[!] Connected device
    ! No devices available

! Doctor found issues in 2 categories.
```
